<?xml version="1.0" encoding="UTF-8"?>
<!-- Generated by org.testng.reporters.JUnitReportReporter -->
<testsuite hostname="SANKAPPA" failures="0" tests="1" name="pp.tngcas1" time="13.739" errors="0" timestamp="2023-11-02T15:46:33 IST" skipped="0">
  <testcase classname="pp.tngcas1" name="depricated" time="13.739"/>
</testsuite> <!-- pp.tngcas1 -->
