<?xml version="1.0" encoding="UTF-8"?>
<!-- Generated by org.testng.reporters.JUnitReportReporter -->
<testsuite hostname="SANKAPPA" failures="0" tests="1" name="pageclass.Case8" time="9.157" errors="0" timestamp="2023-11-05T19:07:14 IST" skipped="0">
  <testcase classname="pageclass.Case8" name="testLogin" time="9.157"/>
</testsuite> <!-- pageclass.Case8 -->
