<?xml version="1.0" encoding="UTF-8"?>
<!-- Generated by org.testng.reporters.JUnitReportReporter -->
<testsuite hostname="SANKAPPA" failures="0" tests="1" name="pp.scenario15" time="20.669" errors="0" timestamp="2023-11-03T21:09:44 IST" skipped="0">
  <testcase classname="pp.scenario15" name="reportingmethods" time="20.669"/>
</testsuite> <!-- pp.scenario15 -->
