<?xml version="1.0" encoding="UTF-8"?>
<!-- Generated by org.testng.reporters.JUnitReportReporter -->
<testsuite hostname="SANKAPPA" failures="0" tests="1" name="pageclass.Case22_23" time="7.715" errors="0" timestamp="2023-11-06T12:34:15 IST" skipped="0">
  <testcase classname="pageclass.Case22_23" name="testLogin" time="7.715"/>
</testsuite> <!-- pageclass.Case22_23 -->
