<?xml version="1.0" encoding="UTF-8"?>
<!-- Generated by org.testng.reporters.JUnitReportReporter -->
<testsuite hostname="SANKAPPA" failures="0" tests="1" name="pp.scenario13" time="8.085" errors="0" timestamp="2023-11-03T19:37:31 IST" skipped="0">
  <testcase classname="pp.scenario13" name="delete" time="8.085"/>
</testsuite> <!-- pp.scenario13 -->
