<?xml version="1.0" encoding="UTF-8"?>
<!-- Generated by org.testng.reporters.JUnitReportReporter -->
<testsuite hostname="SANKAPPA" failures="0" tests="1" name="pageclass.Class21" time="9.367" errors="0" timestamp="2023-11-06T12:24:50 IST" skipped="0">
  <testcase classname="pageclass.Class21" name="testLogin" time="9.367"/>
</testsuite> <!-- pageclass.Class21 -->
