<?xml version="1.0" encoding="UTF-8"?>
<!-- Generated by org.testng.reporters.JUnitReportReporter -->
<testsuite hostname="SANKAPPA" failures="0" tests="1" name="pageclass.Class20" time="10.540" errors="0" timestamp="2023-11-06T14:16:35 IST" skipped="0">
  <testcase classname="pageclass.Class20" name="testLogin" time="10.540"/>
</testsuite> <!-- pageclass.Class20 -->
