<?xml version="1.0" encoding="UTF-8"?>
<!-- Generated by org.testng.reporters.JUnitReportReporter -->
<testsuite hostname="SANKAPPA" failures="0" tests="1" name="pageclass.Class19" time="13.808" errors="0" timestamp="2023-11-06T11:58:15 IST" skipped="0">
  <testcase classname="pageclass.Class19" name="testLogin" time="13.808"/>
</testsuite> <!-- pageclass.Class19 -->
