<?xml version="1.0" encoding="UTF-8"?>
<!-- Generated by org.testng.reporters.JUnitReportReporter -->
<testsuite hostname="SANKAPPA" failures="0" tests="1" name="pageclass.Case9" time="13.801" errors="0" timestamp="2023-11-05T22:07:13 IST" skipped="0">
  <testcase classname="pageclass.Case9" name="testLogin" time="13.801"/>
</testsuite> <!-- pageclass.Case9 -->
