<?xml version="1.0" encoding="UTF-8"?>
<!-- Generated by org.testng.reporters.JUnitReportReporter -->
<testsuite hostname="SANKAPPA" failures="0" tests="2" name="pp.scenario24" time="8.201" errors="0" timestamp="2023-11-04T08:46:53 IST" skipped="0">
  <testcase classname="pp.scenario24" name="count" time="1.154"/>
  <testcase classname="pp.scenario24" name="admin" time="7.047"/>
</testsuite> <!-- pp.scenario24 -->
