<?xml version="1.0" encoding="UTF-8"?>
<!-- Generated by org.testng.reporters.JUnitReportReporter -->
<testsuite hostname="SANKAPPA" failures="0" tests="1" name="pageclass.case1" time="7.188" errors="0" timestamp="2023-11-04T19:12:13 IST" skipped="0">
  <testcase classname="pageclass.case1" name="testLogin" time="7.188"/>
</testsuite> <!-- pageclass.case1 -->
