<?xml version="1.0" encoding="UTF-8"?>
<!-- Generated by org.testng.reporters.JUnitReportReporter -->
<testsuite hostname="SANKAPPA" failures="0" tests="1" name="pp.scerario17" time="9.206" errors="0" timestamp="2023-11-04T07:42:34 IST" skipped="0">
  <testcase classname="pp.scerario17" name="edit" time="9.206"/>
</testsuite> <!-- pp.scerario17 -->
