<?xml version="1.0" encoding="UTF-8"?>
<!-- Generated by org.testng.reporters.JUnitReportReporter -->
<testsuite hostname="SANKAPPA" failures="0" tests="1" name="pageclass.Class15" time="7.517" errors="0" timestamp="2023-11-06T08:36:46 IST" skipped="0">
  <testcase classname="pageclass.Class15" name="testLogin" time="7.517"/>
</testsuite> <!-- pageclass.Class15 -->
