<?xml version="1.0" encoding="UTF-8"?>
<!-- Generated by org.testng.reporters.JUnitReportReporter -->
<testsuite hostname="SANKAPPA" failures="0" tests="1" name="pp.scenasrio22" time="15.091" errors="0" timestamp="2023-11-04T08:35:51 IST" skipped="0">
  <testcase classname="pp.scenasrio22" name="help" time="15.091"/>
</testsuite> <!-- pp.scenasrio22 -->
