<?xml version="1.0" encoding="UTF-8"?>
<!-- Generated by org.testng.reporters.JUnitReportReporter -->
<testsuite hostname="SANKAPPA" failures="0" tests="1" name="pp.scenario23" time="1.368" errors="0" timestamp="2023-11-04T08:38:13 IST" skipped="0">
  <testcase classname="pp.scenario23" name="dashboard" time="1.368"/>
</testsuite> <!-- pp.scenario23 -->
