<?xml version="1.0" encoding="UTF-8"?>
<!-- Generated by org.testng.reporters.JUnitReportReporter -->
<testsuite hostname="SANKAPPA" failures="0" tests="1" name="pageclass.Class16_17_18" time="15.322" errors="0" timestamp="2023-11-06T11:37:23 IST" skipped="0">
  <testcase classname="pageclass.Class16_17_18" name="testLogin" time="15.322"/>
</testsuite> <!-- pageclass.Class16_17_18 -->
