<?xml version="1.0" encoding="UTF-8"?>
<!-- Generated by org.testng.reporters.JUnitReportReporter -->
<testsuite hostname="SANKAPPA" failures="0" tests="1" name="pageclass.Class24_25" time="11.343" errors="0" timestamp="2023-11-06T13:10:40 IST" skipped="0">
  <testcase classname="pageclass.Class24_25" name="testLogin" time="11.343"/>
</testsuite> <!-- pageclass.Class24_25 -->
