<?xml version="1.0" encoding="UTF-8"?>
<!-- Generated by org.testng.reporters.JUnitReportReporter -->
<testsuite hostname="SANKAPPA" failures="0" tests="1" name="pp.scenario11" time="10.866" errors="0" timestamp="2023-11-03T19:31:19 IST" skipped="0">
  <testcase classname="pp.scenario11" name="addemployee" time="10.866"/>
</testsuite> <!-- pp.scenario11 -->
