<?xml version="1.0" encoding="UTF-8"?>
<!-- Generated by org.testng.reporters.JUnitReportReporter -->
<testsuite hostname="SANKAPPA" failures="0" tests="1" name="pp.scenario16" time="11.524" errors="0" timestamp="2023-11-03T22:03:16 IST" skipped="0">
  <testcase classname="pp.scenario16" name="cancel" time="11.524"/>
</testsuite> <!-- pp.scenario16 -->
