<?xml version="1.0" encoding="UTF-8"?>
<!-- Generated by org.testng.reporters.JUnitReportReporter -->
<testsuite hostname="SANKAPPA" failures="0" tests="1" name="pageclass.Case7" time="8.479" errors="0" timestamp="2023-11-05T18:56:41 IST" skipped="0">
  <testcase classname="pageclass.Case7" name="testLogin" time="8.479"/>
</testsuite> <!-- pageclass.Case7 -->
