<?xml version="1.0" encoding="UTF-8"?>
<!-- Generated by org.testng.reporters.JUnitReportReporter -->
<testsuite hostname="SANKAPPA" failures="0" tests="1" name="pp.scenario21" time="8.388" errors="0" timestamp="2023-11-04T08:11:21 IST" skipped="0">
  <testcase classname="pp.scenario21" name="count" time="8.388"/>
</testsuite> <!-- pp.scenario21 -->
