<?xml version="1.0" encoding="UTF-8"?>
<!-- Generated by org.testng.reporters.JUnitReportReporter -->
<testsuite hostname="SANKAPPA" failures="0" tests="1" name="pageclass.Class13" time="11.573" errors="0" timestamp="2023-11-05T22:46:06 IST" skipped="0">
  <testcase classname="pageclass.Class13" name="testLogin" time="11.573"/>
</testsuite> <!-- pageclass.Class13 -->
