<?xml version="1.0" encoding="UTF-8"?>
<!-- Generated by org.testng.reporters.JUnitReportReporter -->
<testsuite hostname="SANKAPPA" failures="0" tests="1" name="pageclass.Class10" time="11.714" errors="0" timestamp="2023-11-05T22:13:21 IST" skipped="0">
  <testcase classname="pageclass.Class10" name="testLogin" time="11.714"/>
</testsuite> <!-- pageclass.Class10 -->
