<?xml version="1.0" encoding="UTF-8"?>
<!-- Generated by org.testng.reporters.JUnitReportReporter -->
<testsuite hostname="SANKAPPA" failures="0" tests="1" name="pageclass.Class11" time="18.149" errors="0" timestamp="2023-11-05T22:32:03 IST" skipped="0">
  <testcase classname="pageclass.Class11" name="testLogin" time="18.149"/>
</testsuite> <!-- pageclass.Class11 -->
